2023/03/23 11:27:50 [notice] 1#1: using the "epoll" event method
2023/03/23 11:27:50 [notice] 1#1: nginx/1.23.3
2023/03/23 11:27:50 [notice] 1#1: built by gcc 10.2.1 20210110 (Debian 10.2.1-6) 
2023/03/23 11:27:50 [notice] 1#1: OS: Linux 5.19.0-35-generic
2023/03/23 11:27:50 [notice] 1#1: getrlimit(RLIMIT_NOFILE): 1048576:1048576
2023/03/23 11:27:50 [notice] 1#1: start worker processes
2023/03/23 11:27:50 [notice] 1#1: start worker process 20
2023/03/23 11:27:50 [notice] 1#1: start worker process 21
2023/03/23 11:27:50 [notice] 1#1: start worker process 22
2023/03/23 11:27:50 [notice] 1#1: start worker process 23
2023/03/23 11:27:50 [notice] 1#1: start worker process 24
2023/03/23 11:27:50 [notice] 1#1: start worker process 25
2023/03/23 11:27:50 [notice] 1#1: start worker process 26
2023/03/23 11:27:50 [notice] 1#1: start worker process 27
2023/03/23 11:27:50 [notice] 1#1: start worker process 28
2023/03/23 11:27:50 [notice] 1#1: start worker process 29
2023/03/23 11:27:50 [notice] 1#1: start worker process 30
2023/03/23 11:27:50 [notice] 1#1: start worker process 31
2023/03/23 11:27:50 [notice] 1#1: start worker process 32
2023/03/23 11:27:50 [notice] 1#1: start worker process 33
2023/03/23 11:27:50 [notice] 1#1: start worker process 34
2023/03/23 11:27:50 [notice] 1#1: start worker process 35
2023/03/23 11:28:29 [error] 26#26: *13 open() "/var/www/favicon.ico" failed (2: No such file or directory), client: 172.18.0.1, server: _, request: "GET /favicon.ico HTTP/1.1", host: "localhost", referrer: "http://localhost/"
